<<<<<<< Updated upstream
<<<<<<< HEAD
/*C23*/SET SCHEMA PUBLIC
=======
/*C6*/SET SCHEMA PUBLIC
DISCONNECT
=======
>>>>>>> Stashed changes
/*C7*/SET SCHEMA PUBLIC
DISCONNECT
/*C8*/SET SCHEMA PUBLIC
DISCONNECT
/*C9*/SET SCHEMA PUBLIC
DISCONNECT
/*C10*/SET SCHEMA PUBLIC
DISCONNECT
/*C11*/SET SCHEMA PUBLIC
DISCONNECT
<<<<<<< Updated upstream
/*C12*/SET SCHEMA PUBLIC
DISCONNECT
/*C13*/SET SCHEMA PUBLIC
DISCONNECT
/*C14*/SET SCHEMA PUBLIC
DISCONNECT
/*C5*/SET SCHEMA PUBLIC
>>>>>>> master
=======
/*C6*/SET SCHEMA PUBLIC
>>>>>>> Stashed changes
DISCONNECT
